This file contains any messages produced by compilers while
running configure, to aid debugging if configure makes a mistake.

It was created by Crowdcoin Core configure 0.12.3, which was
generated by GNU Autoconf 2.69.  Invocation command line was

  $ ./configure 

## --------- ##
## Platform. ##
## --------- ##

hostname = pater92-HP-Notebook
uname -m = x86_64
uname -r = 4.15.0-38-generic
uname -s = Linux
uname -v = #41-Ubuntu SMP Wed Oct 10 10:59:38 UTC 2018

/usr/bin/uname -p = unknown
/bin/uname -X     = unknown

/bin/arch              = unknown
/usr/bin/arch -k       = unknown
/usr/convex/getsysinfo = unknown
/usr/bin/hostinfo      = unknown
/bin/machine           = unknown
/usr/bin/oslevel       = unknown
/bin/universe          = unknown

PATH: /usr/local/sbin
PATH: /usr/local/bin
PATH: /usr/sbin
PATH: /usr/bin
PATH: /sbin
PATH: /bin
PATH: /usr/games
PATH: /usr/local/games


## ----------- ##
## Core tests. ##
## ----------- ##

configure:2992: checking build system type
configure:3006: result: x86_64-pc-linux-gnu
configure:3026: checking host system type
configure:3039: result: x86_64-pc-linux-gnu
configure:3082: checking for a BSD-compatible install
configure:3150: result: /usr/bin/install -c
configure:3161: checking whether build environment is sane
configure:3216: result: yes
configure:3367: checking for a thread-safe mkdir -p
configure:3406: result: /bin/mkdir -p
configure:3413: checking for gawk
configure:3443: result: no
configure:3413: checking for mawk
configure:3429: found /usr/bin/mawk
configure:3440: result: mawk
configure:3451: checking whether make sets $(MAKE)
configure:3473: result: yes
configure:3502: checking whether make supports nested variables
configure:3519: result: yes
configure:3638: checking whether to enable maintainer-specific portions of Makefiles
configure:3647: result: yes
configure:3672: checking whether make supports nested variables
configure:3689: result: yes
configure:3764: checking for g++
configure:3780: found /usr/bin/g++
configure:3791: result: g++
configure:3818: checking for C++ compiler version
configure:3827: g++ --version >&5
g++ (Ubuntu 7.3.0-27ubuntu1~18.04) 7.3.0
Copyright (C) 2017 Free Software Foundation, Inc.
This is free software; see the source for copying conditions.  There is NO
warranty; not even for MERCHANTABILITY or FITNESS FOR A PARTICULAR PURPOSE.

configure:3838: $? = 0
configure:3827: g++ -v >&5
Using built-in specs.
COLLECT_GCC=g++
COLLECT_LTO_WRAPPER=/usr/lib/gcc/x86_64-linux-gnu/7/lto-wrapper
OFFLOAD_TARGET_NAMES=nvptx-none
OFFLOAD_TARGET_DEFAULT=1
Target: x86_64-linux-gnu
Configured with: ../src/configure -v --with-pkgversion='Ubuntu 7.3.0-27ubuntu1~18.04' --with-bugurl=file:///usr/share/doc/gcc-7/README.Bugs --enable-languages=c,ada,c++,go,brig,d,fortran,objc,obj-c++ --prefix=/usr --with-gcc-major-version-only --program-suffix=-7 --program-prefix=x86_64-linux-gnu- --enable-shared --enable-linker-build-id --libexecdir=/usr/lib --without-included-gettext --enable-threads=posix --libdir=/usr/lib --enable-nls --with-sysroot=/ --enable-clocale=gnu --enable-libstdcxx-debug --enable-libstdcxx-time=yes --with-default-libstdcxx-abi=new --enable-gnu-unique-object --disable-vtable-verify --enable-libmpx --enable-plugin --enable-default-pie --with-system-zlib --with-target-system-zlib --enable-objc-gc=auto --enable-multiarch --disable-werror --with-arch-32=i686 --with-abi=m64 --with-multilib-list=m32,m64,mx32 --enable-multilib --with-tune=generic --enable-offload-targets=nvptx-none --without-cuda-driver --enable-checking=release --build=x86_64-linux-gnu --host=x86_64-linux-gnu --target=x86_64-linux-gnu
Thread model: posix
gcc version 7.3.0 (Ubuntu 7.3.0-27ubuntu1~18.04) 
configure:3838: $? = 0
configure:3827: g++ -V >&5
g++: error: unrecognized command line option '-V'
g++: fatal error: no input files
compilation terminated.
configure:3838: $? = 1
configure:3827: g++ -qversion >&5
g++: error: unrecognized command line option '-qversion'; did you mean '--version'?
g++: fatal error: no input files
compilation terminated.
configure:3838: $? = 1
configure:3858: checking whether the C++ compiler works
configure:3880: g++    conftest.cpp  >&5
configure:3884: $? = 0
configure:3932: result: yes
configure:3935: checking for C++ compiler default output file name
configure:3937: result: a.out
configure:3943: checking for suffix of executables
configure:3950: g++ -o conftest    conftest.cpp  >&5
configure:3954: $? = 0
configure:3976: result: 
configure:3998: checking whether we are cross compiling
configure:4006: g++ -o conftest    conftest.cpp  >&5
configure:4010: $? = 0
configure:4017: ./conftest
configure:4021: $? = 0
configure:4036: result: no
configure:4041: checking for suffix of object files
configure:4063: g++ -c   conftest.cpp >&5
configure:4067: $? = 0
configure:4088: result: o
configure:4092: checking whether we are using the GNU C++ compiler
configure:4111: g++ -c   conftest.cpp >&5
configure:4111: $? = 0
configure:4120: result: yes
configure:4129: checking whether g++ accepts -g
configure:4149: g++ -c -g  conftest.cpp >&5
configure:4149: $? = 0
configure:4190: result: yes
configure:4224: checking for style of include used by make
configure:4252: result: GNU
configure:4278: checking dependency style of g++
configure:4389: result: gcc3
configure:4427: checking whether g++ supports C++11 features with -std=c++11
configure:4723: g++ -std=c++11 -c -g -O2  conftest.cpp >&5
configure:4723: $? = 0
configure:4732: result: yes
configure:4776: checking whether std::atomic can be used without link library
configure:4794: g++ -std=c++11 -o conftest -g -O2   conftest.cpp  >&5
configure:4794: $? = 0
configure:4796: result: yes
configure:4961: checking for Objective C++ compiler version
configure:4970: g++ -std=c++11 --version >&5
g++ (Ubuntu 7.3.0-27ubuntu1~18.04) 7.3.0
Copyright (C) 2017 Free Software Foundation, Inc.
This is free software; see the source for copying conditions.  There is NO
warranty; not even for MERCHANTABILITY or FITNESS FOR A PARTICULAR PURPOSE.

configure:4981: $? = 0
configure:4970: g++ -std=c++11 -v >&5
Using built-in specs.
COLLECT_GCC=g++
COLLECT_LTO_WRAPPER=/usr/lib/gcc/x86_64-linux-gnu/7/lto-wrapper
OFFLOAD_TARGET_NAMES=nvptx-none
OFFLOAD_TARGET_DEFAULT=1
Target: x86_64-linux-gnu
Configured with: ../src/configure -v --with-pkgversion='Ubuntu 7.3.0-27ubuntu1~18.04' --with-bugurl=file:///usr/share/doc/gcc-7/README.Bugs --enable-languages=c,ada,c++,go,brig,d,fortran,objc,obj-c++ --prefix=/usr --with-gcc-major-version-only --program-suffix=-7 --program-prefix=x86_64-linux-gnu- --enable-shared --enable-linker-build-id --libexecdir=/usr/lib --without-included-gettext --enable-threads=posix --libdir=/usr/lib --enable-nls --with-sysroot=/ --enable-clocale=gnu --enable-libstdcxx-debug --enable-libstdcxx-time=yes --with-default-libstdcxx-abi=new --enable-gnu-unique-object --disable-vtable-verify --enable-libmpx --enable-plugin --enable-default-pie --with-system-zlib --with-target-system-zlib --enable-objc-gc=auto --enable-multiarch --disable-werror --with-arch-32=i686 --with-abi=m64 --with-multilib-list=m32,m64,mx32 --enable-multilib --with-tune=generic --enable-offload-targets=nvptx-none --without-cuda-driver --enable-checking=release --build=x86_64-linux-gnu --host=x86_64-linux-gnu --target=x86_64-linux-gnu
Thread model: posix
gcc version 7.3.0 (Ubuntu 7.3.0-27ubuntu1~18.04) 
configure:4981: $? = 0
configure:4970: g++ -std=c++11 -V >&5
g++: error: unrecognized command line option '-V'
g++: fatal error: no input files
compilation terminated.
configure:4981: $? = 1
configure:4970: g++ -std=c++11 -qversion >&5
g++: error: unrecognized command line option '-qversion'; did you mean '--version'?
g++: fatal error: no input files
compilation terminated.
configure:4981: $? = 1
configure:4985: checking whether we are using the GNU Objective C++ compiler
configure:5004: g++ -std=c++11 -c   conftest.mm >&5
g++: error trying to exec 'cc1objplus': execvp: No such file or directory
configure:5004: $? = 1
configure: failed program was:
| /* confdefs.h */
| #define PACKAGE_NAME "Crowdcoin Core"
| #define PACKAGE_TARNAME "crowdcoinbrain"
| #define PACKAGE_VERSION "0.12.3"
| #define PACKAGE_STRING "Crowdcoin Core 0.12.3"
| #define PACKAGE_BUGREPORT "https://github.com/crowdcoinpay/crowdcoin/issues"
| #define PACKAGE_URL "https://crowdcoin.org/"
| #define HAVE_CXX11 1
| /* end confdefs.h.  */
| 
| int
| main ()
| {
| #ifndef __GNUC__
|        choke me
| #endif
| 
|   ;
|   return 0;
| }
configure:5013: result: no
configure:5022: checking whether g++ -std=c++11 accepts -g
configure:5042: g++ -std=c++11 -c -g  conftest.mm >&5
g++: error trying to exec 'cc1objplus': execvp: No such file or directory
configure:5042: $? = 1
configure: failed program was:
| /* confdefs.h */
| #define PACKAGE_NAME "Crowdcoin Core"
| #define PACKAGE_TARNAME "crowdcoinbrain"
| #define PACKAGE_VERSION "0.12.3"
| #define PACKAGE_STRING "Crowdcoin Core 0.12.3"
| #define PACKAGE_BUGREPORT "https://github.com/crowdcoinpay/crowdcoin/issues"
| #define PACKAGE_URL "https://crowdcoin.org/"
| #define HAVE_CXX11 1
| /* end confdefs.h.  */
| 
| int
| main ()
| {
| 
|   ;
|   return 0;
| }
configure:5057: g++ -std=c++11 -c   conftest.mm >&5
g++: error trying to exec 'cc1objplus': execvp: No such file or directory
configure:5057: $? = 1
configure: failed program was:
| /* confdefs.h */
| #define PACKAGE_NAME "Crowdcoin Core"
| #define PACKAGE_TARNAME "crowdcoinbrain"
| #define PACKAGE_VERSION "0.12.3"
| #define PACKAGE_STRING "Crowdcoin Core 0.12.3"
| #define PACKAGE_BUGREPORT "https://github.com/crowdcoinpay/crowdcoin/issues"
| #define PACKAGE_URL "https://crowdcoin.org/"
| #define HAVE_CXX11 1
| /* end confdefs.h.  */
| 
| int
| main ()
| {
| 
|   ;
|   return 0;
| }
configure:5073: g++ -std=c++11 -c -g  conftest.mm >&5
g++: error trying to exec 'cc1objplus': execvp: No such file or directory
configure:5073: $? = 1
configure: failed program was:
| /* confdefs.h */
| #define PACKAGE_NAME "Crowdcoin Core"
| #define PACKAGE_TARNAME "crowdcoinbrain"
| #define PACKAGE_VERSION "0.12.3"
| #define PACKAGE_STRING "Crowdcoin Core 0.12.3"
| #define PACKAGE_BUGREPORT "https://github.com/crowdcoinpay/crowdcoin/issues"
| #define PACKAGE_URL "https://crowdcoin.org/"
| #define HAVE_CXX11 1
| /* end confdefs.h.  */
| 
| int
| main ()
| {
| 
|   ;
|   return 0;
| }
configure:5083: result: no
configure:5108: checking dependency style of g++ -std=c++11
configure:5217: result: gcc3
configure:5280: checking how to print strings
configure:5307: result: printf
configure:5376: checking for gcc
configure:5392: found /usr/bin/gcc
configure:5403: result: gcc
configure:5632: checking for C compiler version
configure:5641: gcc --version >&5
gcc (Ubuntu 7.3.0-27ubuntu1~18.04) 7.3.0
Copyright (C) 2017 Free Software Foundation, Inc.
This is free software; see the source for copying conditions.  There is NO
warranty; not even for MERCHANTABILITY or FITNESS FOR A PARTICULAR PURPOSE.

configure:5652: $? = 0
configure:5641: gcc -v >&5
Using built-in specs.
COLLECT_GCC=gcc
COLLECT_LTO_WRAPPER=/usr/lib/gcc/x86_64-linux-gnu/7/lto-wrapper
OFFLOAD_TARGET_NAMES=nvptx-none
OFFLOAD_TARGET_DEFAULT=1
Target: x86_64-linux-gnu
Configured with: ../src/configure -v --with-pkgversion='Ubuntu 7.3.0-27ubuntu1~18.04' --with-bugurl=file:///usr/share/doc/gcc-7/README.Bugs --enable-languages=c,ada,c++,go,brig,d,fortran,objc,obj-c++ --prefix=/usr --with-gcc-major-version-only --program-suffix=-7 --program-prefix=x86_64-linux-gnu- --enable-shared --enable-linker-build-id --libexecdir=/usr/lib --without-included-gettext --enable-threads=posix --libdir=/usr/lib --enable-nls --with-sysroot=/ --enable-clocale=gnu --enable-libstdcxx-debug --enable-libstdcxx-time=yes --with-default-libstdcxx-abi=new --enable-gnu-unique-object --disable-vtable-verify --enable-libmpx --enable-plugin --enable-default-pie --with-system-zlib --with-target-system-zlib --enable-objc-gc=auto --enable-multiarch --disable-werror --with-arch-32=i686 --with-abi=m64 --with-multilib-list=m32,m64,mx32 --enable-multilib --with-tune=generic --enable-offload-targets=nvptx-none --without-cuda-driver --enable-checking=release --build=x86_64-linux-gnu --host=x86_64-linux-gnu --target=x86_64-linux-gnu
Thread model: posix
gcc version 7.3.0 (Ubuntu 7.3.0-27ubuntu1~18.04) 
configure:5652: $? = 0
configure:5641: gcc -V >&5
gcc: error: unrecognized command line option '-V'
gcc: fatal error: no input files
compilation terminated.
configure:5652: $? = 1
configure:5641: gcc -qversion >&5
gcc: error: unrecognized command line option '-qversion'; did you mean '--version'?
gcc: fatal error: no input files
compilation terminated.
configure:5652: $? = 1
configure:5656: checking whether we are using the GNU C compiler
configure:5675: gcc -c   conftest.c >&5
configure:5675: $? = 0
configure:5684: result: yes
configure:5693: checking whether gcc accepts -g
configure:5713: gcc -c -g  conftest.c >&5
configure:5713: $? = 0
configure:5754: result: yes
configure:5771: checking for gcc option to accept ISO C89
configure:5834: gcc  -c -g -O2  conftest.c >&5
configure:5834: $? = 0
configure:5847: result: none needed
configure:5872: checking whether gcc understands -c and -o together
configure:5894: gcc -c conftest.c -o conftest2.o
configure:5897: $? = 0
configure:5894: gcc -c conftest.c -o conftest2.o
configure:5897: $? = 0
configure:5909: result: yes
configure:5928: checking dependency style of gcc
configure:6039: result: gcc3
configure:6054: checking for a sed that does not truncate output
configure:6118: result: /bin/sed
configure:6136: checking for grep that handles long lines and -e
configure:6194: result: /bin/grep
configure:6199: checking for egrep
configure:6261: result: /bin/grep -E
configure:6266: checking for fgrep
configure:6328: result: /bin/grep -F
configure:6363: checking for ld used by gcc
configure:6430: result: /usr/bin/ld
configure:6437: checking if the linker (/usr/bin/ld) is GNU ld
configure:6452: result: yes
configure:6464: checking for BSD- or MS-compatible name lister (nm)
configure:6518: result: /usr/bin/nm -B
configure:6648: checking the name lister (/usr/bin/nm -B) interface
configure:6655: gcc -c -g -O2  conftest.c >&5
configure:6658: /usr/bin/nm -B "conftest.o"
configure:6661: output
0000000000000000 B some_variable
configure:6668: result: BSD nm
configure:6671: checking whether ln -s works
configure:6675: result: yes
configure:6683: checking the maximum length of command line arguments
configure:6814: result: 1572864
configure:6862: checking how to convert x86_64-pc-linux-gnu file names to x86_64-pc-linux-gnu format
configure:6902: result: func_convert_file_noop
configure:6909: checking how to convert x86_64-pc-linux-gnu file names to toolchain format
configure:6929: result: func_convert_file_noop
configure:6936: checking for /usr/bin/ld option to reload object files
configure:6943: result: -r
configure:7017: checking for objdump
configure:7033: found /usr/bin/objdump
configure:7044: result: objdump
configure:7076: checking how to recognize dependent libraries
configure:7276: result: pass_all
configure:7361: checking for dlltool
configure:7391: result: no
configure:7421: checking how to associate runtime and link libraries
configure:7448: result: printf %s\n
configure:7509: checking for ar
configure:7525: found /usr/bin/ar
configure:7536: result: ar
configure:7573: checking for archiver @FILE support
configure:7590: gcc -c -g -O2  conftest.c >&5
configure:7590: $? = 0
configure:7593: ar cru libconftest.a @conftest.lst >&5
ar: `u' modifier ignored since `D' is the default (see `U')
configure:7596: $? = 0
configure:7601: ar cru libconftest.a @conftest.lst >&5
ar: `u' modifier ignored since `D' is the default (see `U')
ar: conftest.o: No such file or directory
configure:7604: $? = 1
configure:7616: result: @
configure:7674: checking for strip
configure:7690: found /usr/bin/strip
configure:7701: result: strip
configure:7773: checking for ranlib
configure:7789: found /usr/bin/ranlib
configure:7800: result: ranlib
configure:7902: checking command to parse /usr/bin/nm -B output from gcc object
configure:8055: gcc -c -g -O2  conftest.c >&5
configure:8058: $? = 0
configure:8062: /usr/bin/nm -B conftest.o \| sed -n -e 's/^.*[ ]\([ABCDGIRSTW][ABCDGIRSTW]*\)[ ][ ]*\([_A-Za-z][_A-Za-z0-9]*\)$/\1 \2 \2/p' | sed '/ __gnu_lto/d' \> conftest.nm
configure:8065: $? = 0
configure:8131: gcc -o conftest -g -O2   conftest.c conftstm.o >&5
configure:8134: $? = 0
configure:8172: result: ok
configure:8219: checking for sysroot
configure:8249: result: no
configure:8256: checking for a working dd
configure:8294: result: /bin/dd
configure:8298: checking how to truncate binary pipes
configure:8313: result: /bin/dd bs=4096 count=1
configure:8449: gcc -c -g -O2  conftest.c >&5
configure:8452: $? = 0
configure:8642: checking for mt
configure:8658: found /bin/mt
configure:8669: result: mt
configure:8692: checking if mt is a manifest tool
configure:8698: mt '-?'
configure:8706: result: no
configure:9383: checking how to run the C preprocessor
configure:9414: gcc -E  conftest.c
configure:9414: $? = 0
configure:9428: gcc -E  conftest.c
conftest.c:10:10: fatal error: ac_nonexistent.h: No such file or directory
 #include <ac_nonexistent.h>
          ^~~~~~~~~~~~~~~~~~
compilation terminated.
configure:9428: $? = 1
configure: failed program was:
| /* confdefs.h */
| #define PACKAGE_NAME "Crowdcoin Core"
| #define PACKAGE_TARNAME "crowdcoinbrain"
| #define PACKAGE_VERSION "0.12.3"
| #define PACKAGE_STRING "Crowdcoin Core 0.12.3"
| #define PACKAGE_BUGREPORT "https://github.com/crowdcoinpay/crowdcoin/issues"
| #define PACKAGE_URL "https://crowdcoin.org/"
| #define HAVE_CXX11 1
| /* end confdefs.h.  */
| #include <ac_nonexistent.h>
configure:9453: result: gcc -E
configure:9473: gcc -E  conftest.c
configure:9473: $? = 0
configure:9487: gcc -E  conftest.c
conftest.c:10:10: fatal error: ac_nonexistent.h: No such file or directory
 #include <ac_nonexistent.h>
          ^~~~~~~~~~~~~~~~~~
compilation terminated.
configure:9487: $? = 1
configure: failed program was:
| /* confdefs.h */
| #define PACKAGE_NAME "Crowdcoin Core"
| #define PACKAGE_TARNAME "crowdcoinbrain"
| #define PACKAGE_VERSION "0.12.3"
| #define PACKAGE_STRING "Crowdcoin Core 0.12.3"
| #define PACKAGE_BUGREPORT "https://github.com/crowdcoinpay/crowdcoin/issues"
| #define PACKAGE_URL "https://crowdcoin.org/"
| #define HAVE_CXX11 1
| /* end confdefs.h.  */
| #include <ac_nonexistent.h>
configure:9516: checking for ANSI C header files
configure:9536: gcc -c -g -O2  conftest.c >&5
configure:9536: $? = 0
configure:9609: gcc -o conftest -g -O2   conftest.c  >&5
configure:9609: $? = 0
configure:9609: ./conftest
configure:9609: $? = 0
configure:9620: result: yes
configure:9633: checking for sys/types.h
configure:9633: gcc -c -g -O2  conftest.c >&5
configure:9633: $? = 0
configure:9633: result: yes
configure:9633: checking for sys/stat.h
configure:9633: gcc -c -g -O2  conftest.c >&5
configure:9633: $? = 0
configure:9633: result: yes
configure:9633: checking for stdlib.h
configure:9633: gcc -c -g -O2  conftest.c >&5
configure:9633: $? = 0
configure:9633: result: yes
configure:9633: checking for string.h
configure:9633: gcc -c -g -O2  conftest.c >&5
configure:9633: $? = 0
configure:9633: result: yes
configure:9633: checking for memory.h
configure:9633: gcc -c -g -O2  conftest.c >&5
configure:9633: $? = 0
configure:9633: result: yes
configure:9633: checking for strings.h
configure:9633: gcc -c -g -O2  conftest.c >&5
configure:9633: $? = 0
configure:9633: result: yes
configure:9633: checking for inttypes.h
configure:9633: gcc -c -g -O2  conftest.c >&5
configure:9633: $? = 0
configure:9633: result: yes
configure:9633: checking for stdint.h
configure:9633: gcc -c -g -O2  conftest.c >&5
configure:9633: $? = 0
configure:9633: result: yes
configure:9633: checking for unistd.h
configure:9633: gcc -c -g -O2  conftest.c >&5
configure:9633: $? = 0
configure:9633: result: yes
configure:9647: checking for dlfcn.h
configure:9647: gcc -c -g -O2  conftest.c >&5
configure:9647: $? = 0
configure:9647: result: yes
configure:9912: checking for objdir
configure:9927: result: .libs
configure:10191: checking if gcc supports -fno-rtti -fno-exceptions
configure:10209: gcc -c -g -O2  -fno-rtti -fno-exceptions conftest.c >&5
cc1: warning: command line option '-fno-rtti' is valid for C++/ObjC++ but not for C
configure:10213: $? = 0
configure:10226: result: no
configure:10584: checking for gcc option to produce PIC
configure:10591: result: -fPIC -DPIC
configure:10599: checking if gcc PIC flag -fPIC -DPIC works
configure:10617: gcc -c -g -O2  -fPIC -DPIC -DPIC conftest.c >&5
configure:10621: $? = 0
configure:10634: result: yes
configure:10663: checking if gcc static flag -static works
configure:10691: result: yes
configure:10706: checking if gcc supports -c -o file.o
configure:10727: gcc -c -g -O2  -o out/conftest2.o conftest.c >&5
configure:10731: $? = 0
configure:10753: result: yes
configure:10761: checking if gcc supports -c -o file.o
configure:10808: result: yes
configure:10841: checking whether the gcc linker (/usr/bin/ld -m elf_x86_64) supports shared libraries
configure:12104: result: yes
configure:12141: checking whether -lc should be explicitly linked in
configure:12149: gcc -c -g -O2  conftest.c >&5
configure:12152: $? = 0
configure:12167: gcc -shared  -fPIC -DPIC conftest.o  -v -Wl,-soname -Wl,conftest -o conftest 2\>\&1 \| /bin/grep  -lc  \>/dev/null 2\>\&1
configure:12170: $? = 0
configure:12184: result: no
configure:12344: checking dynamic linker characteristics
configure:12925: gcc -o conftest -g -O2   -Wl,-rpath -Wl,/foo conftest.c  >&5
configure:12925: $? = 0
configure:13174: result: GNU/Linux ld.so
configure:13296: checking how to hardcode library paths into programs
configure:13321: result: immediate
configure:13869: checking whether stripping libraries is possible
configure:13874: result: yes
configure:13909: checking if libtool supports shared libraries
configure:13911: result: yes
configure:13914: checking whether to build shared libraries
configure:13939: result: yes
configure:13942: checking whether to build static libraries
configure:13946: result: yes
configure:13969: checking how to run the C++ preprocessor
configure:13996: g++ -std=c++11 -E  conftest.cpp
configure:13996: $? = 0
configure:14010: g++ -std=c++11 -E  conftest.cpp
conftest.cpp:22:10: fatal error: ac_nonexistent.h: No such file or directory
 #include <ac_nonexistent.h>
          ^~~~~~~~~~~~~~~~~~
compilation terminated.
configure:14010: $? = 1
configure: failed program was:
| /* confdefs.h */
| #define PACKAGE_NAME "Crowdcoin Core"
| #define PACKAGE_TARNAME "crowdcoinbrain"
| #define PACKAGE_VERSION "0.12.3"
| #define PACKAGE_STRING "Crowdcoin Core 0.12.3"
| #define PACKAGE_BUGREPORT "https://github.com/crowdcoinpay/crowdcoin/issues"
| #define PACKAGE_URL "https://crowdcoin.org/"
| #define HAVE_CXX11 1
| #define STDC_HEADERS 1
| #define HAVE_SYS_TYPES_H 1
| #define HAVE_SYS_STAT_H 1
| #define HAVE_STDLIB_H 1
| #define HAVE_STRING_H 1
| #define HAVE_MEMORY_H 1
| #define HAVE_STRINGS_H 1
| #define HAVE_INTTYPES_H 1
| #define HAVE_STDINT_H 1
| #define HAVE_UNISTD_H 1
| #define HAVE_DLFCN_H 1
| #define LT_OBJDIR ".libs/"
| /* end confdefs.h.  */
| #include <ac_nonexistent.h>
configure:14035: result: g++ -std=c++11 -E
configure:14055: g++ -std=c++11 -E  conftest.cpp
configure:14055: $? = 0
configure:14069: g++ -std=c++11 -E  conftest.cpp
conftest.cpp:22:10: fatal error: ac_nonexistent.h: No such file or directory
 #include <ac_nonexistent.h>
          ^~~~~~~~~~~~~~~~~~
compilation terminated.
configure:14069: $? = 1
configure: failed program was:
| /* confdefs.h */
| #define PACKAGE_NAME "Crowdcoin Core"
| #define PACKAGE_TARNAME "crowdcoinbrain"
| #define PACKAGE_VERSION "0.12.3"
| #define PACKAGE_STRING "Crowdcoin Core 0.12.3"
| #define PACKAGE_BUGREPORT "https://github.com/crowdcoinpay/crowdcoin/issues"
| #define PACKAGE_URL "https://crowdcoin.org/"
| #define HAVE_CXX11 1
| #define STDC_HEADERS 1
| #define HAVE_SYS_TYPES_H 1
| #define HAVE_SYS_STAT_H 1
| #define HAVE_STDLIB_H 1
| #define HAVE_STRING_H 1
| #define HAVE_MEMORY_H 1
| #define HAVE_STRINGS_H 1
| #define HAVE_INTTYPES_H 1
| #define HAVE_STDINT_H 1
| #define HAVE_UNISTD_H 1
| #define HAVE_DLFCN_H 1
| #define LT_OBJDIR ".libs/"
| /* end confdefs.h.  */
| #include <ac_nonexistent.h>
configure:14231: checking for ld used by g++ -std=c++11
configure:14298: result: /usr/bin/ld -m elf_x86_64
configure:14305: checking if the linker (/usr/bin/ld -m elf_x86_64) is GNU ld
configure:14320: result: yes
configure:14375: checking whether the g++ -std=c++11 linker (/usr/bin/ld -m elf_x86_64) supports shared libraries
configure:15448: result: yes
configure:15484: g++ -std=c++11 -c -g -O2  conftest.cpp >&5
configure:15487: $? = 0
configure:15968: checking for g++ -std=c++11 option to produce PIC
configure:15975: result: -fPIC -DPIC
configure:15983: checking if g++ -std=c++11 PIC flag -fPIC -DPIC works
configure:16001: g++ -std=c++11 -c -g -O2  -fPIC -DPIC -DPIC conftest.cpp >&5
configure:16005: $? = 0
configure:16018: result: yes
configure:16041: checking if g++ -std=c++11 static flag -static works
configure:16069: result: yes
configure:16081: checking if g++ -std=c++11 supports -c -o file.o
configure:16102: g++ -std=c++11 -c -g -O2  -o out/conftest2.o conftest.cpp >&5
configure:16106: $? = 0
configure:16128: result: yes
configure:16133: checking if g++ -std=c++11 supports -c -o file.o
configure:16180: result: yes
configure:16210: checking whether the g++ -std=c++11 linker (/usr/bin/ld -m elf_x86_64) supports shared libraries
configure:16253: result: yes
configure:16394: checking dynamic linker characteristics
configure:17151: result: GNU/Linux ld.so
configure:17216: checking how to hardcode library paths into programs
configure:17241: result: immediate
configure:17349: checking for ar
configure:17367: found /usr/bin/ar
configure:17379: result: /usr/bin/ar
configure:17447: checking for ranlib
configure:17465: found /usr/bin/ranlib
configure:17477: result: /usr/bin/ranlib
configure:17545: checking for strip
configure:17563: found /usr/bin/strip
configure:17575: result: /usr/bin/strip
configure:17643: checking for gcov
configure:17661: found /usr/bin/gcov
configure:17673: result: /usr/bin/gcov
configure:17697: checking for lcov
configure:17730: result: no
configure:17739: checking for python3.6
configure:17757: found /usr/bin/python3.6
configure:17769: result: /usr/bin/python3.6
configure:17782: checking for genhtml
configure:17815: result: no
configure:17822: checking for git
configure:17840: found /usr/bin/git
configure:17852: result: /usr/bin/git
configure:17862: checking for ccache
configure:17895: result: no
configure:17902: checking for xgettext
configure:17920: found /usr/bin/xgettext
configure:17932: result: /usr/bin/xgettext
configure:17942: checking for hexdump
configure:17960: found /usr/bin/hexdump
configure:17972: result: /usr/bin/hexdump
configure:18026: checking for readelf
configure:18044: found /usr/bin/readelf
configure:18056: result: /usr/bin/readelf
configure:18124: checking for c++filt
configure:18142: found /usr/bin/c++filt
configure:18154: result: /usr/bin/c++filt
configure:18222: checking for objcopy
configure:18240: found /usr/bin/objcopy
configure:18252: result: /usr/bin/objcopy
configure:18448: checking whether C++ compiler accepts -Werror
configure:18467: g++ -std=c++11 -c -g -O2  -Werror  conftest.cpp >&5
configure:18467: $? = 0
configure:18475: result: yes
configure:18541: checking whether C++ compiler accepts -Wall
configure:18560: g++ -std=c++11 -c -g -O2 -Werror -Wall  conftest.cpp >&5
configure:18560: $? = 0
configure:18569: result: yes
configure:18578: checking whether C++ compiler accepts -Wextra
configure:18597: g++ -std=c++11 -c -g -O2 -Wall -Werror -Wextra  conftest.cpp >&5
configure:18597: $? = 0
configure:18606: result: yes
configure:18615: checking whether C++ compiler accepts -Wformat
configure:18634: g++ -std=c++11 -c -g -O2 -Wall -Wextra -Werror -Wformat  conftest.cpp >&5
configure:18634: $? = 0
configure:18643: result: yes
configure:18652: checking whether C++ compiler accepts -Wvla
configure:18671: g++ -std=c++11 -c -g -O2 -Wall -Wextra -Wformat -Werror -Wvla  conftest.cpp >&5
configure:18671: $? = 0
configure:18680: result: yes
configure:18689: checking whether C++ compiler accepts -Wformat-security
configure:18708: g++ -std=c++11 -c -g -O2 -Wall -Wextra -Wformat -Wvla -Werror -Wformat-security  conftest.cpp >&5
configure:18708: $? = 0
configure:18717: result: yes
configure:18730: checking whether C++ compiler accepts -Wunused-parameter
configure:18749: g++ -std=c++11 -c -g -O2 -Wall -Wextra -Wformat -Wvla -Wformat-security -Werror -Wunused-parameter  conftest.cpp >&5
configure:18749: $? = 0
configure:18758: result: yes
configure:18767: checking whether C++ compiler accepts -Wself-assign
configure:18786: g++ -std=c++11 -c -g -O2 -Wall -Wextra -Wformat -Wvla -Wformat-security -Wno-unused-parameter -Werror -Wself-assign  conftest.cpp >&5
g++: error: unrecognized command line option '-Wself-assign'; did you mean '-Wcast-align'?
configure:18786: $? = 1
configure: failed program was:
| /* confdefs.h */
| #define PACKAGE_NAME "Crowdcoin Core"
| #define PACKAGE_TARNAME "crowdcoinbrain"
| #define PACKAGE_VERSION "0.12.3"
| #define PACKAGE_STRING "Crowdcoin Core 0.12.3"
| #define PACKAGE_BUGREPORT "https://github.com/crowdcoinpay/crowdcoin/issues"
| #define PACKAGE_URL "https://crowdcoin.org/"
| #define HAVE_CXX11 1
| #define STDC_HEADERS 1
| #define HAVE_SYS_TYPES_H 1
| #define HAVE_SYS_STAT_H 1
| #define HAVE_STDLIB_H 1
| #define HAVE_STRING_H 1
| #define HAVE_MEMORY_H 1
| #define HAVE_STRINGS_H 1
| #define HAVE_INTTYPES_H 1
| #define HAVE_STDINT_H 1
| #define HAVE_UNISTD_H 1
| #define HAVE_DLFCN_H 1
| #define LT_OBJDIR ".libs/"
| /* end confdefs.h.  */
| 
| int
| main ()
| {
| 
|   ;
|   return 0;
| }
configure:18795: result: no
configure:18804: checking whether C++ compiler accepts -Wunused-local-typedef
configure:18823: g++ -std=c++11 -c -g -O2 -Wall -Wextra -Wformat -Wvla -Wformat-security -Wno-unused-parameter -Werror -Wunused-local-typedef  conftest.cpp >&5
g++: error: unrecognized command line option '-Wunused-local-typedef'; did you mean '-Wunused-local-typedefs'?
configure:18823: $? = 1
configure: failed program was:
| /* confdefs.h */
| #define PACKAGE_NAME "Crowdcoin Core"
| #define PACKAGE_TARNAME "crowdcoinbrain"
| #define PACKAGE_VERSION "0.12.3"
| #define PACKAGE_STRING "Crowdcoin Core 0.12.3"
| #define PACKAGE_BUGREPORT "https://github.com/crowdcoinpay/crowdcoin/issues"
| #define PACKAGE_URL "https://crowdcoin.org/"
| #define HAVE_CXX11 1
| #define STDC_HEADERS 1
| #define HAVE_SYS_TYPES_H 1
| #define HAVE_SYS_STAT_H 1
| #define HAVE_STDLIB_H 1
| #define HAVE_STRING_H 1
| #define HAVE_MEMORY_H 1
| #define HAVE_STRINGS_H 1
| #define HAVE_INTTYPES_H 1
| #define HAVE_STDINT_H 1
| #define HAVE_UNISTD_H 1
| #define HAVE_DLFCN_H 1
| #define LT_OBJDIR ".libs/"
| /* end confdefs.h.  */
| 
| int
| main ()
| {
| 
|   ;
|   return 0;
| }
configure:18832: result: no
configure:18841: checking whether C++ compiler accepts -Wdeprecated-register
configure:18860: g++ -std=c++11 -c -g -O2 -Wall -Wextra -Wformat -Wvla -Wformat-security -Wno-unused-parameter -Werror -Wdeprecated-register  conftest.cpp >&5
g++: error: unrecognized command line option '-Wdeprecated-register'; did you mean '-frename-registers'?
configure:18860: $? = 1
configure: failed program was:
| /* confdefs.h */
| #define PACKAGE_NAME "Crowdcoin Core"
| #define PACKAGE_TARNAME "crowdcoinbrain"
| #define PACKAGE_VERSION "0.12.3"
| #define PACKAGE_STRING "Crowdcoin Core 0.12.3"
| #define PACKAGE_BUGREPORT "https://github.com/crowdcoinpay/crowdcoin/issues"
| #define PACKAGE_URL "https://crowdcoin.org/"
| #define HAVE_CXX11 1
| #define STDC_HEADERS 1
| #define HAVE_SYS_TYPES_H 1
| #define HAVE_SYS_STAT_H 1
| #define HAVE_STDLIB_H 1
| #define HAVE_STRING_H 1
| #define HAVE_MEMORY_H 1
| #define HAVE_STRINGS_H 1
| #define HAVE_INTTYPES_H 1
| #define HAVE_STDINT_H 1
| #define HAVE_UNISTD_H 1
| #define HAVE_DLFCN_H 1
| #define LT_OBJDIR ".libs/"
| /* end confdefs.h.  */
| 
| int
| main ()
| {
| 
|   ;
|   return 0;
| }
configure:18869: result: no
configure:18878: checking whether C++ compiler accepts -Wimplicit-fallthrough
configure:18897: g++ -std=c++11 -c -g -O2 -Wall -Wextra -Wformat -Wvla -Wformat-security -Wno-unused-parameter -Werror -Wimplicit-fallthrough  conftest.cpp >&5
configure:18897: $? = 0
configure:18906: result: yes
configure:20593: checking for pkg-config
configure:20611: found /usr/bin/pkg-config
configure:20623: result: /usr/bin/pkg-config
configure:20648: checking pkg-config is at least version 0.9.0
configure:20651: result: yes
configure:20757: checking whether byte ordering is bigendian
configure:20772: g++ -std=c++11 -c -g -O2 -Wall -Wextra -Wformat -Wvla -Wformat-security -Wno-unused-parameter -Wno-implicit-fallthrough  -DHAVE_BUILD_INFO -D__STDC_FORMAT_MACROS conftest.cpp >&5
conftest.cpp:23:9: error: expected unqualified-id before 'not' token
         not a universal capable compiler
         ^~~
configure:20772: $? = 1
configure: failed program was:
| /* confdefs.h */
| #define PACKAGE_NAME "Crowdcoin Core"
| #define PACKAGE_TARNAME "crowdcoinbrain"
| #define PACKAGE_VERSION "0.12.3"
| #define PACKAGE_STRING "Crowdcoin Core 0.12.3"
| #define PACKAGE_BUGREPORT "https://github.com/crowdcoinpay/crowdcoin/issues"
| #define PACKAGE_URL "https://crowdcoin.org/"
| #define HAVE_CXX11 1
| #define STDC_HEADERS 1
| #define HAVE_SYS_TYPES_H 1
| #define HAVE_SYS_STAT_H 1
| #define HAVE_STDLIB_H 1
| #define HAVE_STRING_H 1
| #define HAVE_MEMORY_H 1
| #define HAVE_STRINGS_H 1
| #define HAVE_INTTYPES_H 1
| #define HAVE_STDINT_H 1
| #define HAVE_UNISTD_H 1
| #define HAVE_DLFCN_H 1
| #define LT_OBJDIR ".libs/"
| /* end confdefs.h.  */
| #ifndef __APPLE_CC__
| 	       not a universal capable compiler
| 	     #endif
| 	     typedef int dummy;
| 
configure:20817: g++ -std=c++11 -c -g -O2 -Wall -Wextra -Wformat -Wvla -Wformat-security -Wno-unused-parameter -Wno-implicit-fallthrough  -DHAVE_BUILD_INFO -D__STDC_FORMAT_MACROS conftest.cpp >&5
configure:20817: $? = 0
configure:20835: g++ -std=c++11 -c -g -O2 -Wall -Wextra -Wformat -Wvla -Wformat-security -Wno-unused-parameter -Wno-implicit-fallthrough  -DHAVE_BUILD_INFO -D__STDC_FORMAT_MACROS conftest.cpp >&5
conftest.cpp: In function 'int main()':
conftest.cpp:29:8: error: 'big' was not declared in this scope
    not big endian
        ^~~
configure:20835: $? = 1
configure: failed program was:
| /* confdefs.h */
| #define PACKAGE_NAME "Crowdcoin Core"
| #define PACKAGE_TARNAME "crowdcoinbrain"
| #define PACKAGE_VERSION "0.12.3"
| #define PACKAGE_STRING "Crowdcoin Core 0.12.3"
| #define PACKAGE_BUGREPORT "https://github.com/crowdcoinpay/crowdcoin/issues"
| #define PACKAGE_URL "https://crowdcoin.org/"
| #define HAVE_CXX11 1
| #define STDC_HEADERS 1
| #define HAVE_SYS_TYPES_H 1
| #define HAVE_SYS_STAT_H 1
| #define HAVE_STDLIB_H 1
| #define HAVE_STRING_H 1
| #define HAVE_MEMORY_H 1
| #define HAVE_STRINGS_H 1
| #define HAVE_INTTYPES_H 1
| #define HAVE_STDINT_H 1
| #define HAVE_UNISTD_H 1
| #define HAVE_DLFCN_H 1
| #define LT_OBJDIR ".libs/"
| /* end confdefs.h.  */
| #include <sys/types.h>
| 		#include <sys/param.h>
| 
| int
| main ()
| {
| #if BYTE_ORDER != BIG_ENDIAN
| 		 not big endian
| 		#endif
| 
|   ;
|   return 0;
| }
configure:20963: result: no
configure:21165: checking whether gcc is Clang
configure:21190: result: no
configure:21313: checking whether pthreads work with -pthread
configure:21407: gcc -o conftest -g -O2 -pthread  -DHAVE_BUILD_INFO -D__STDC_FORMAT_MACROS  conftest.c   >&5
configure:21407: $? = 0
configure:21416: result: yes
configure:21435: checking for joinable pthread attribute
configure:21453: gcc -o conftest -g -O2 -pthread  -DHAVE_BUILD_INFO -D__STDC_FORMAT_MACROS  conftest.c   >&5
configure:21453: $? = 0
configure:21461: result: PTHREAD_CREATE_JOINABLE
configure:21475: checking whether more special flags are required for pthreads
configure:21488: result: no
configure:21496: checking for PTHREAD_PRIO_INHERIT
configure:21512: gcc -o conftest -g -O2 -pthread  -DHAVE_BUILD_INFO -D__STDC_FORMAT_MACROS  conftest.c   >&5
configure:21512: $? = 0
configure:21521: result: yes
configure:21634: checking for special C compiler options needed for large files
configure:21679: result: no
configure:21685: checking for _FILE_OFFSET_BITS value needed for large files
configure:21710: g++ -std=c++11 -c -g -O2 -Wall -Wextra -Wformat -Wvla -Wformat-security -Wno-unused-parameter -Wno-implicit-fallthrough  -DHAVE_BUILD_INFO -D__STDC_FORMAT_MACROS conftest.cpp >&5
configure:21710: $? = 0
configure:21742: result: no
configure:21828: checking whether strerror_r is declared
configure:21828: g++ -std=c++11 -c -g -O2 -Wall -Wextra -Wformat -Wvla -Wformat-security -Wno-unused-parameter -Wno-implicit-fallthrough  -DHAVE_BUILD_INFO -D__STDC_FORMAT_MACROS conftest.cpp >&5
configure:21828: $? = 0
configure:21828: result: yes
configure:21841: checking for strerror_r
configure:21841: g++ -std=c++11 -o conftest -g -O2 -Wall -Wextra -Wformat -Wvla -Wformat-security -Wno-unused-parameter -Wno-implicit-fallthrough  -DHAVE_BUILD_INFO -D__STDC_FORMAT_MACROS  conftest.cpp  >&5
configure:21841: $? = 0
configure:21841: result: yes
configure:21850: checking whether strerror_r returns char *
configure:21874: g++ -std=c++11 -c -g -O2 -Wall -Wextra -Wformat -Wvla -Wformat-security -Wno-unused-parameter -Wno-implicit-fallthrough  -DHAVE_BUILD_INFO -D__STDC_FORMAT_MACROS conftest.cpp >&5
configure:21874: $? = 0
configure:21912: result: yes
configure:21933: checking whether the linker accepts -Wl,--large-address-aware
configure:21952: g++ -std=c++11 -o conftest -g -O2 -Wall -Wextra -Wformat -Wvla -Wformat-security -Wno-unused-parameter -Wno-implicit-fallthrough  -DHAVE_BUILD_INFO -D__STDC_FORMAT_MACROS   -Wl,--large-address-aware conftest.cpp  >&5
/usr/bin/ld: unrecognized option '--large-address-aware'
/usr/bin/ld: use the --help option for usage information
collect2: error: ld returned 1 exit status
configure:21952: $? = 1
configure: failed program was:
| /* confdefs.h */
| #define PACKAGE_NAME "Crowdcoin Core"
| #define PACKAGE_TARNAME "crowdcoinbrain"
| #define PACKAGE_VERSION "0.12.3"
| #define PACKAGE_STRING "Crowdcoin Core 0.12.3"
| #define PACKAGE_BUGREPORT "https://github.com/crowdcoinpay/crowdcoin/issues"
| #define PACKAGE_URL "https://crowdcoin.org/"
| #define HAVE_CXX11 1
| #define STDC_HEADERS 1
| #define HAVE_SYS_TYPES_H 1
| #define HAVE_SYS_STAT_H 1
| #define HAVE_STDLIB_H 1
| #define HAVE_STRING_H 1
| #define HAVE_MEMORY_H 1
| #define HAVE_STRINGS_H 1
| #define HAVE_INTTYPES_H 1
| #define HAVE_STDINT_H 1
| #define HAVE_UNISTD_H 1
| #define HAVE_DLFCN_H 1
| #define LT_OBJDIR ".libs/"
| #define HAVE_PTHREAD_PRIO_INHERIT 1
| #define HAVE_PTHREAD 1
| #define HAVE_DECL_STRERROR_R 1
| #define HAVE_STRERROR_R 1
| #define STRERROR_R_CHAR_P 1
| /* end confdefs.h.  */
| 
| int
| main ()
| {
| 
|   ;
|   return 0;
| }
configure:21961: result: no
configure:21973: checking for __attribute__((visibility))
configure:21997: g++ -std=c++11 -o conftest -g -O2 -Wall -Wextra -Wformat -Wvla -Wformat-security -Wno-unused-parameter -Wno-implicit-fallthrough  -DHAVE_BUILD_INFO -D__STDC_FORMAT_MACROS  conftest.cpp  >&5
configure:21997: $? = 0
configure:22010: result: yes
configure:22026: checking for __attribute__((dllexport))
configure:22047: g++ -std=c++11 -o conftest -g -O2 -Wall -Wextra -Wformat -Wvla -Wformat-security -Wno-unused-parameter -Wno-implicit-fallthrough  -DHAVE_BUILD_INFO -D__STDC_FORMAT_MACROS  conftest.cpp  >&5
conftest.cpp:30:62: warning: 'dllexport' attribute directive ignored [-Wattributes]
                     __attribute__((dllexport)) int foo( void ) { return 0; }
                                                              ^
configure:22047: $? = 0
configure:22060: result: no
configure:22076: checking for __attribute__((dllimport))
configure:22097: g++ -std=c++11 -o conftest -g -O2 -Wall -Wextra -Wformat -Wvla -Wformat-security -Wno-unused-parameter -Wno-implicit-fallthrough  -DHAVE_BUILD_INFO -D__STDC_FORMAT_MACROS  conftest.cpp  >&5
conftest.cpp:30:62: warning: 'dllimport' attribute directive ignored [-Wattributes]
                     int foo( void ) __attribute__((dllimport));
                                                              ^
configure:22097: $? = 0
configure:22110: result: no
configure:22210: checking for library containing clock_gettime
configure:22241: g++ -std=c++11 -o conftest -g -O2 -Wall -Wextra -Wformat -Wvla -Wformat-security -Wno-unused-parameter -Wno-implicit-fallthrough  -DHAVE_BUILD_INFO -D__STDC_FORMAT_MACROS  conftest.cpp  >&5
